Performing C SOURCE FILE Test CMAKE_HAVE_LIBC_PTHREAD failed with the following output:
Change Dir: /home/leonardonavacastellanos/Documents/Tec/OctavoSemestre/Reto/TE3003B_Integration_of_Robotics_and_Intelligent_Systems/team_ws/build/CMakeFiles/CMakeScratch/TryCompile-sWCKbu

Run Build Command(s):/usr/bin/make -f Makefile cmTC_74594/fast && /usr/bin/make  -f CMakeFiles/cmTC_74594.dir/build.make CMakeFiles/cmTC_74594.dir/build
make[1]: Entering directory '/home/leonardonavacastellanos/Documents/Tec/OctavoSemestre/Reto/TE3003B_Integration_of_Robotics_and_Intelligent_Systems/team_ws/build/CMakeFiles/CMakeScratch/TryCompile-sWCKbu'
Building C object CMakeFiles/cmTC_74594.dir/src.c.o
/usr/bin/cc -DCMAKE_HAVE_LIBC_PTHREAD   -o CMakeFiles/cmTC_74594.dir/src.c.o -c /home/leonardonavacastellanos/Documents/Tec/OctavoSemestre/Reto/TE3003B_Integration_of_Robotics_and_Intelligent_Systems/team_ws/build/CMakeFiles/CMakeScratch/TryCompile-sWCKbu/src.c
Linking C executable cmTC_74594
/usr/bin/cmake -E cmake_link_script CMakeFiles/cmTC_74594.dir/link.txt --verbose=1
/usr/bin/cc -rdynamic CMakeFiles/cmTC_74594.dir/src.c.o -o cmTC_74594 
CMakeFiles/cmTC_74594.dir/src.c.o: In function `main':
src.c:(.text+0x3e): undefined reference to `pthread_create'
src.c:(.text+0x4a): undefined reference to `pthread_detach'
src.c:(.text+0x56): undefined reference to `pthread_cancel'
src.c:(.text+0x67): undefined reference to `pthread_join'
src.c:(.text+0x7b): undefined reference to `pthread_atfork'
collect2: error: ld returned 1 exit status
CMakeFiles/cmTC_74594.dir/build.make:98: recipe for target 'cmTC_74594' failed
make[1]: *** [cmTC_74594] Error 1
make[1]: Leaving directory '/home/leonardonavacastellanos/Documents/Tec/OctavoSemestre/Reto/TE3003B_Integration_of_Robotics_and_Intelligent_Systems/team_ws/build/CMakeFiles/CMakeScratch/TryCompile-sWCKbu'
Makefile:127: recipe for target 'cmTC_74594/fast' failed
make: *** [cmTC_74594/fast] Error 2


Source file was:
#include <pthread.h>

static void* test_func(void* data)
{
  return data;
}

int main(void)
{
  pthread_t thread;
  pthread_create(&thread, NULL, test_func, NULL);
  pthread_detach(thread);
  pthread_cancel(thread);
  pthread_join(thread, NULL);
  pthread_atfork(NULL, NULL, NULL);
  pthread_exit(NULL);

  return 0;
}


Determining if the function pthread_create exists in the pthreads failed with the following output:
Change Dir: /home/leonardonavacastellanos/Documents/Tec/OctavoSemestre/Reto/TE3003B_Integration_of_Robotics_and_Intelligent_Systems/team_ws/build/CMakeFiles/CMakeScratch/TryCompile-GpF7kA

Run Build Command(s):/usr/bin/make -f Makefile cmTC_34a6b/fast && /usr/bin/make  -f CMakeFiles/cmTC_34a6b.dir/build.make CMakeFiles/cmTC_34a6b.dir/build
make[1]: Entering directory '/home/leonardonavacastellanos/Documents/Tec/OctavoSemestre/Reto/TE3003B_Integration_of_Robotics_and_Intelligent_Systems/team_ws/build/CMakeFiles/CMakeScratch/TryCompile-GpF7kA'
Building C object CMakeFiles/cmTC_34a6b.dir/CheckFunctionExists.c.o
/usr/bin/cc   -DCHECK_FUNCTION_EXISTS=pthread_create -o CMakeFiles/cmTC_34a6b.dir/CheckFunctionExists.c.o -c /home/leonardonavacastellanos/Documents/Tec/OctavoSemestre/Reto/TE3003B_Integration_of_Robotics_and_Intelligent_Systems/team_ws/build/CMakeFiles/CMakeScratch/TryCompile-GpF7kA/CheckFunctionExists.c
Linking C executable cmTC_34a6b
/usr/bin/cmake -E cmake_link_script CMakeFiles/cmTC_34a6b.dir/link.txt --verbose=1
/usr/bin/cc  -DCHECK_FUNCTION_EXISTS=pthread_create -rdynamic CMakeFiles/cmTC_34a6b.dir/CheckFunctionExists.c.o -o cmTC_34a6b  -lpthreads 
/usr/bin/ld: cannot find -lpthreads
collect2: error: ld returned 1 exit status
CMakeFiles/cmTC_34a6b.dir/build.make:98: recipe for target 'cmTC_34a6b' failed
make[1]: *** [cmTC_34a6b] Error 1
make[1]: Leaving directory '/home/leonardonavacastellanos/Documents/Tec/OctavoSemestre/Reto/TE3003B_Integration_of_Robotics_and_Intelligent_Systems/team_ws/build/CMakeFiles/CMakeScratch/TryCompile-GpF7kA'
Makefile:127: recipe for target 'cmTC_34a6b/fast' failed
make: *** [cmTC_34a6b/fast] Error 2



